<?xml version="1.0" encoding="UTF-8"?>
<!-- Generated by org.testng.reporters.JUnitReportReporter -->
<testsuite hostname="ARAWAT-5500" failures="0" tests="2" name="com.qa.test.SecondTest" time="0.011" errors="0" timestamp="2020-10-13T01:52:26 IST" skipped="0">
  <testcase classname="com.qa.test.SecondTest" name="first" time="0.010"/>
  <system-out/>
  <testcase classname="com.qa.test.SecondTest" name="second" time="0.001"/>
  <system-out/>
</testsuite> <!-- com.qa.test.SecondTest -->
