<?xml version="1.0" encoding="UTF-8"?>
<!-- Generated by org.testng.reporters.JUnitReportReporter -->
<testsuite hostname="ARAWAT-5500" failures="0" tests="2" name="com.qa.test.SecondTest" time="0.003" errors="0" timestamp="2020-10-14T16:36:02 IST" skipped="0">
  <testcase classname="com.qa.test.SecondTest" name="second" time="0.000"/>
  <system-out/>
  <testcase classname="com.qa.test.SecondTest" name="first" time="0.003"/>
  <system-out/>
</testsuite> <!-- com.qa.test.SecondTest -->
